<?xml version="1.0" encoding="UTF-8"?>
<!-- Generated by org.testng.reporters.JUnitReportReporter -->
<testsuite hostname="DELL" name="com.game.test.RandomPlayer_TC001" tests="1" failures="0" timestamp="1 May 2019 01:50:37 GMT" time="57.067" errors="0">
  <testcase name="RandomPlayer_TestCase001" time="57.067" classname="com.game.test.RandomPlayer_TC001"/>
</testsuite> <!-- com.game.test.RandomPlayer_TC001 -->
